<?xml version="1.0" encoding="UTF-8"?>
<!-- Generated by org.testng.reporters.JUnitReportReporter -->
<testsuite skipped="0" hostname="DESKTOP-E2K87G5" name="Test.LoginTest" tests="3" failures="0" timestamp="2019-09-06T06:09:43 EET" time="9.497" errors="0">
  <testcase name="checkEmptyPassword" time="3.073" classname="Test.LoginTest"/>
  <testcase name="checkWrongPassword" time="2.675" classname="Test.LoginTest"/>
  <testcase name="checkExistingEmail" time="3.749" classname="Test.LoginTest"/>
</testsuite> <!-- Test.LoginTest -->
