<?xml version="1.0" encoding="UTF-8"?>
<!-- Generated by org.testng.reporters.JUnitReportReporter -->
<testsuite skipped="0" hostname="DESKTOP-E2K87G5" name="Test.SearchTest" tests="1" failures="0" timestamp="2019-09-06T06:09:43 EET" time="2.534" errors="0">
  <testcase name="searchTest" time="2.534" classname="Test.SearchTest"/>
</testsuite> <!-- Test.SearchTest -->
