<?xml version="1.0" encoding="UTF-8"?>
<!-- Generated by org.testng.reporters.JUnitReportReporter -->
<testsuite skipped="0" hostname="DESKTOP-E2K87G5" name="Test.ContactUsTest" tests="1" failures="0" timestamp="2019-09-06T06:09:43 EET" time="4.132" errors="0">
  <testcase name="TestContactUs" time="4.132" classname="Test.ContactUsTest"/>
</testsuite> <!-- Test.ContactUsTest -->
