<?xml version="1.0" encoding="UTF-8"?>
<!-- Generated by org.testng.reporters.JUnitReportReporter -->
<testsuite skipped="0" hostname="DESKTOP-E2K87G5" name="Test.HomeTest" tests="2" failures="0" timestamp="2019-09-06T06:09:43 EET" time="2.096" errors="0">
  <testcase name="testHomeTotalItemCount" time="2.007" classname="Test.HomeTest"/>
  <testcase name="testHomeBestSellerItemCount" time="0.089" classname="Test.HomeTest"/>
</testsuite> <!-- Test.HomeTest -->
